  pch.cpp
  OACode.cpp
C:\Users\cianf\source\repos\Algorithms repeat Q1, Q2\Ordered Array\OACode.cpp(19,6): warning C4101: 'grow_size': unreferenced local variable
C:\Users\cianf\source\repos\Algorithms repeat Q1, Q2\Ordered Array\OAClass.h(257,6): warning C4101: 'k': unreferenced local variable
C:\Users\cianf\source\repos\Algorithms repeat Q1, Q2\Ordered Array\OACode.cpp(60,4): message : see reference to function template instantiation 'void push<int>(const T &)' being compiled
          with
          [
              T=int
          ]
C:\Users\cianf\source\repos\Algorithms repeat Q1, Q2\Ordered Array\OAClass.h(263,6): warning C4101: 'scale': unreferenced local variable
C:\Users\cianf\source\repos\Algorithms repeat Q1, Q2\Ordered Array\OAClass.h(264,6): warning C4101: 'grow_size': unreferenced local variable
C:\Users\cianf\source\repos\Algorithms repeat Q1, Q2\Ordered Array\OAClass.h(308,6): warning C4101: 'scale': unreferenced local variable
C:\Users\cianf\source\repos\Algorithms repeat Q1, Q2\Ordered Array\OACode.cpp(65,4): message : see reference to function template instantiation 'bool remove<int>(int)' being compiled
C:\Users\cianf\source\repos\Algorithms repeat Q1, Q2\Ordered Array\OAClass.h(305,6): warning C4101: 'i': unreferenced local variable
C:\Users\cianf\source\repos\Algorithms repeat Q1, Q2\Ordered Array\OAClass.h(240,6): warning C4101: 'k': unreferenced local variable
C:\Users\cianf\source\repos\Algorithms repeat Q1, Q2\Ordered Array\OACode.cpp(69,4): message : see reference to function template instantiation 'int length<int>(void)' being compiled
C:\Users\cianf\source\repos\Algorithms repeat Q1, Q2\Ordered Array\OAClass.h(239,6): warning C4101: 'u': unreferenced local variable
C:\Users\cianf\source\repos\Algorithms repeat Q1, Q2\Ordered Array\OAClass.h(381,6): warning C4101: 'k': unreferenced local variable
C:\Users\cianf\source\repos\Algorithms repeat Q1, Q2\Ordered Array\OACode.cpp(72,4): message : see reference to function template instantiation 'T getElement<int>(int)' being compiled
          with
          [
              T=int
          ]
C:\Users\cianf\source\repos\Algorithms repeat Q1, Q2\Ordered Array\OAClass.h(384,6): warning C4101: 'scale': unreferenced local variable
C:\Users\cianf\source\repos\Algorithms repeat Q1, Q2\Ordered Array\OAClass.h(383,6): warning C4101: 'x': unreferenced local variable
C:\Users\cianf\source\repos\Algorithms repeat Q1, Q2\Ordered Array\OAClass.h(342,6): warning C4101: 'k': unreferenced local variable
C:\Users\cianf\source\repos\Algorithms repeat Q1, Q2\Ordered Array\OACode.cpp(75,4): message : see reference to function template instantiation 'int search<int>(const T &)' being compiled
          with
          [
              T=int
          ]
C:\Users\cianf\source\repos\Algorithms repeat Q1, Q2\Ordered Array\OAClass.h(345,6): warning C4101: 'scale': unreferenced local variable
C:\Users\cianf\source\repos\Algorithms repeat Q1, Q2\Ordered Array\OAClass.h(344,6): warning C4101: 'w': unreferenced local variable
C:\Users\cianf\source\repos\Algorithms repeat Q1, Q2\Ordered Array\OAClass.h(419,6): warning C4101: 'k': unreferenced local variable
C:\Users\cianf\source\repos\Algorithms repeat Q1, Q2\Ordered Array\OACode.cpp(78,4): message : see reference to function template instantiation 'void clear<void>(void)' being compiled
C:\Users\cianf\source\repos\Algorithms repeat Q1, Q2\Ordered Array\OAClass.h(421,6): warning C4101: 'scale': unreferenced local variable
  Generating Code...
  Ordered Array.vcxproj -> C:\Users\cianf\source\repos\Algorithms repeat Q1, Q2\x64\Debug\Ordered Array.exe
